<?xml version="1.0" encoding="UTF-8"?>
<!-- Generated by org.testng.reporters.JUnitReportReporter -->
<testsuite hostname="DESKTOP-NMRKPTP" failures="0" tests="1" name="com.employeeapi.testCases.TC001_Get_All_Employees" time="0.019" errors="0" timestamp="15 Feb 2023 07:21:15 GMT" skipped="0">
  <testcase classname="com.employeeapi.testCases.TC001_Get_All_Employees" name="checkResponseTime" time="0.019"/>
</testsuite> <!-- com.employeeapi.testCases.TC001_Get_All_Employees -->
