<?xml version="1.0" encoding="UTF-8"?>
<!-- Generated by org.testng.reporters.JUnitReportReporter -->
<testsuite hostname="192.168.1.7" failures="0" tests="1" name="tests.EicherTest" time="26.081" errors="0" timestamp="2022-09-27T16:36:26 IST" skipped="0">
  <testcase classname="tests.EicherTest" name="testToVerifyAllTabs" time="26.081"/>
  <system-out/>
</testsuite> <!-- tests.EicherTest -->
